\BOOKMARK [1][-]{section*.1}{\376\377\166\356\137\125}{}% 1
\BOOKMARK [1][-]{section.1}{\376\377\137\025\212\000}{}% 2
\BOOKMARK [2][-]{subsection.1.1}{\376\377\177\026\121\231\166\356\166\204}{section.1}% 3
\BOOKMARK [2][-]{subsection.1.2}{\376\377\230\171\166\356\200\314\146\157}{section.1}% 4
\BOOKMARK [2][-]{subsection.1.3}{\376\377\133\232\116\111}{section.1}% 5
\BOOKMARK [2][-]{subsection.1.4}{\376\377\123\302\200\003\215\104\145\231}{section.1}% 6
\BOOKMARK [1][-]{section.2}{\376\377\116\373\122\241\151\202\217\360}{}% 7
\BOOKMARK [2][-]{subsection.2.1}{\376\377\166\356\150\007}{section.2}% 8
\BOOKMARK [2][-]{subsection.2.2}{\376\377\174\373\176\337\211\322\202\162\116\016\147\103\226\120\122\022\122\006}{section.2}% 9
\BOOKMARK [2][-]{subsection.2.3}{\376\377\217\320\210\114\163\257\130\203}{section.2}% 10
\BOOKMARK [2][-]{subsection.2.4}{\376\377\147\141\116\366\116\016\226\120\122\066}{section.2}% 11
\BOOKMARK [1][-]{section.3}{\376\377\145\160\143\156\143\317\217\360}{}% 12
\BOOKMARK [2][-]{subsection.3.1}{\376\377\227\131\140\001\145\160\143\156}{section.3}% 13
\BOOKMARK [2][-]{subsection.3.2}{\376\377\122\250\140\001\145\160\143\156}{section.3}% 14
\BOOKMARK [2][-]{subsection.3.3}{\376\377\145\160\143\156\136\223\116\313\176\315}{section.3}% 15
\BOOKMARK [2][-]{subsection.3.4}{\376\377\145\160\143\156\213\315\121\170}{section.3}% 16
\BOOKMARK [2][-]{subsection.3.5}{\376\377\145\160\143\156\221\307\226\306}{section.3}% 17
\BOOKMARK [1][-]{section.4}{\376\377\122\237\200\375\227\000\154\102}{}% 18
\BOOKMARK [2][-]{subsection.4.1}{\376\377\122\237\200\375\122\022\122\006}{section.4}% 19
\BOOKMARK [2][-]{subsection.4.2}{\376\377\122\237\200\375\143\317\217\360}{section.4}% 20
\BOOKMARK [1][-]{section.5}{\376\377\140\047\200\375\227\000\154\102}{}% 21
\BOOKMARK [2][-]{subsection.5.1}{\376\377\145\160\143\156\174\276\170\156\136\246}{section.5}% 22
\BOOKMARK [2][-]{subsection.5.2}{\376\377\145\366\225\364\162\171\140\047}{section.5}% 23
\BOOKMARK [2][-]{subsection.5.3}{\376\377\220\002\136\224\140\047}{section.5}% 24
\BOOKMARK [1][-]{section.6}{\376\377\217\320\210\114\227\000\154\102}{}% 25
\BOOKMARK [2][-]{subsection.6.1}{\376\377\165\050\142\067\165\114\227\142}{section.6}% 26
\BOOKMARK [2][-]{subsection.6.2}{\376\377\170\154\116\366\143\245\123\343}{section.6}% 27
\BOOKMARK [2][-]{subsection.6.3}{\376\377\217\157\116\366\143\245\123\343}{section.6}% 28
\BOOKMARK [2][-]{subsection.6.4}{\376\377\145\105\226\234\131\004\164\006}{section.6}% 29
\BOOKMARK [1][-]{section.7}{\376\377\121\166\133\203\227\000\154\102}{}% 30
