\BOOKMARK [1][-]{section.1}{\376\377\137\025\212\000}{}% 1
\BOOKMARK [2][-]{subsection.1.1}{\376\377\177\026\121\231\166\356\166\204}{section.1}% 2
\BOOKMARK [2][-]{subsection.1.2}{\376\377\230\171\166\356\200\314\146\157}{section.1}% 3
\BOOKMARK [2][-]{subsection.1.3}{\376\377\133\232\116\111}{section.1}% 4
\BOOKMARK [2][-]{subsection.1.4}{\376\377\123\302\200\003\215\104\145\231}{section.1}% 5
\BOOKMARK [1][-]{section.2}{\376\377\116\373\122\241\151\202\217\360}{}% 6
\BOOKMARK [2][-]{subsection.2.1}{\376\377\166\356\150\007}{section.2}% 7
\BOOKMARK [2][-]{subsection.2.2}{\376\377\217\320\210\114\163\257\130\203}{section.2}% 8
\BOOKMARK [2][-]{subsection.2.3}{\376\377\227\000\154\102\151\202\217\360}{section.2}% 9
\BOOKMARK [2][-]{subsection.2.4}{\376\377\147\141\116\366\116\016\226\120\122\066}{section.2}% 10
\BOOKMARK [1][-]{section.3}{\376\377\140\073\117\123\213\276\213\241}{}% 11
\BOOKMARK [2][-]{subsection.3.1}{\376\377\131\004\164\006\155\101\172\013}{section.3}% 12
\BOOKMARK [2][-]{subsection.3.2}{\376\377\140\073\117\123\176\323\147\204\124\214\152\041\127\127\131\026\220\350\213\276\213\241}{section.3}% 13
\BOOKMARK [2][-]{subsection.3.3}{\376\377\122\237\200\375\122\006\221\115}{section.3}% 14
\BOOKMARK [1][-]{section.4}{\376\377\143\245\123\343\213\276\213\241}{}% 15
\BOOKMARK [2][-]{subsection.4.1}{\376\377\131\026\220\350\143\245\123\343}{section.4}% 16
\BOOKMARK [2][-]{subsection.4.2}{\376\377\121\205\220\350\143\245\123\343\211\304\203\003}{section.4}% 17
\BOOKMARK [1][-]{section.5}{\376\377\145\160\143\156\176\323\147\204\213\276\213\241}{}% 18
\BOOKMARK [2][-]{subsection.5.1}{\376\377\220\073\217\221\176\323\147\204\213\276\213\241}{section.5}% 19
\BOOKMARK [2][-]{subsection.5.2}{\376\377\162\151\164\006\176\323\147\204\213\276\213\241}{section.5}% 20
\BOOKMARK [3][-]{subsubsection.5.2.1}{\376\377\0001\000.\000\040\165\050\142\067\116\073\210\150\000\040\000\050\000s\000y\000s\000\137\000u\000s\000e\000r\000\051}{subsection.5.2}% 21
\BOOKMARK [3][-]{subsubsection.5.2.2}{\376\377\0002\000.\000\040\211\322\202\162\210\150\000\040\000\050\000s\000y\000s\000\137\000r\000o\000l\000e\000\051\000\040\116\016\000\040\165\050\142\067\211\322\202\162\121\163\200\124\210\150\000\040\000\050\000s\000y\000s\000\137\000u\000s\000e\000r\000\137\000r\000o\000l\000e\000\051}{subsection.5.2}% 22
\BOOKMARK [3][-]{subsubsection.5.2.3}{\376\377\0003\000.\000\040\133\146\226\142\117\341\140\157\210\150\000\040\000\050\000s\000y\000s\000\137\000c\000o\000l\000l\000e\000g\000e\000\051}{subsection.5.2}% 23
\BOOKMARK [2][-]{subsection.5.3}{\376\377\145\160\143\156\176\323\147\204\116\016\172\013\136\217\166\204\121\163\174\373}{section.5}% 24
\BOOKMARK [1][-]{section.6}{\376\377\217\320\210\114\213\276\213\241}{}% 25
\BOOKMARK [2][-]{subsection.6.1}{\376\377\217\320\210\114\152\041\127\127\166\204\176\304\124\010}{section.6}% 26
\BOOKMARK [2][-]{subsection.6.2}{\376\377\217\320\210\114\143\247\122\066}{section.6}% 27
\BOOKMARK [2][-]{subsection.6.3}{\376\377\217\320\210\114\145\366\225\364}{section.6}% 28
\BOOKMARK [1][-]{section.7}{\376\377\121\372\225\031\131\004\164\006\213\276\213\241}{}% 29
\BOOKMARK [2][-]{subsection.7.1}{\376\377\121\372\225\031\217\223\121\372\117\341\140\157}{section.7}% 30
\BOOKMARK [2][-]{subsection.7.2}{\376\377\121\372\225\031\131\004\164\006\133\371\173\126}{section.7}% 31
\BOOKMARK [1][-]{section.8}{\376\377\133\211\121\150\117\335\133\306\213\276\213\241}{}% 32
\BOOKMARK [1][-]{section.9}{\376\377\176\364\142\244\213\276\213\241}{}% 33
