\BOOKMARK [1][-]{section.1}{\376\377\137\025\212\000}{}% 1
\BOOKMARK [2][-]{subsection.1.1}{\376\377\177\026\121\231\166\356\166\204}{section.1}% 2
\BOOKMARK [2][-]{subsection.1.2}{\376\377\230\171\166\356\200\314\146\157}{section.1}% 3
\BOOKMARK [2][-]{subsection.1.3}{\376\377\133\232\116\111}{section.1}% 4
\BOOKMARK [2][-]{subsection.1.4}{\376\377\123\302\200\003\215\104\145\231}{section.1}% 5
\BOOKMARK [1][-]{section.2}{\376\377\116\373\122\241\151\202\217\360}{}% 6
\BOOKMARK [2][-]{subsection.2.1}{\376\377\227\000\154\102\151\202\217\360}{section.2}% 7
\BOOKMARK [2][-]{subsection.2.2}{\376\377\217\320\210\114\163\257\130\203}{section.2}% 8
\BOOKMARK [2][-]{subsection.2.3}{\376\377\147\141\116\366\116\016\226\120\122\066}{section.2}% 9
\BOOKMARK [1][-]{section.3}{\376\377\152\041\127\127\213\346\176\306\213\276\213\241}{}% 10
\BOOKMARK [2][-]{subsection.3.1}{\376\377\165\050\142\067\147\103\226\120\143\247\122\066\152\041\127\127\213\276\213\241}{section.3}% 11
\BOOKMARK [3][-]{subsubsection.3.1.1}{\376\377\152\041\127\127\151\202\217\360}{subsection.3.1}% 12
\BOOKMARK [3][-]{subsubsection.3.1.2}{\376\377\152\041\127\127\217\223\121\145\217\223\121\372\143\245\123\343}{subsection.3.1}% 13
\BOOKMARK [3][-]{subsubsection.3.1.3}{\376\377\152\041\127\127\131\004\164\006\220\073\217\221\155\101\172\013}{subsection.3.1}% 14
\BOOKMARK [3][-]{subsubsection.3.1.4}{\376\377\152\041\127\127\121\205\220\350\145\160\143\156\176\323\147\204}{subsection.3.1}% 15
\BOOKMARK [3][-]{subsubsection.3.1.5}{\376\377\152\041\127\127\173\227\154\325\213\276\213\241}{subsection.3.1}% 16
\BOOKMARK [3][-]{subsubsection.3.1.6}{\376\377\152\041\127\127\137\002\136\070\131\004\164\006\220\073\217\221}{subsection.3.1}% 17
\BOOKMARK [2][-]{subsection.3.2}{\376\377\121\166\116\326\116\032\122\241\152\041\127\127}{section.3}% 18
\BOOKMARK [1][-]{section.4}{\376\377\143\245\123\343\213\346\176\306\213\276\213\241}{}% 19
\BOOKMARK [2][-]{subsection.4.1}{\376\377\131\026\220\350\143\245\123\343\213\346\176\306\213\276\213\241}{section.4}% 20
\BOOKMARK [3][-]{subsubsection.4.1.1}{\376\377\165\050\142\067\116\244\116\222\143\245\123\343}{subsection.4.1}% 21
\BOOKMARK [3][-]{subsubsection.4.1.2}{\376\377\173\054\116\011\145\271\217\157\116\366\143\245\123\343}{subsection.4.1}% 22
\BOOKMARK [3][-]{subsubsection.4.1.3}{\376\377\000H\000a\000r\000d\000w\000a\000r\000e\143\245\123\343}{subsection.4.1}% 23
\BOOKMARK [2][-]{subsection.4.2}{\376\377\121\205\220\350\152\041\127\127\143\245\123\343\213\346\176\306\213\276\213\241}{section.4}% 24
\BOOKMARK [3][-]{subsubsection.4.2.1}{\376\377\152\041\127\127\225\364\213\367\154\102\123\302\145\160\133\232\116\111}{subsection.4.2}% 25
\BOOKMARK [3][-]{subsubsection.4.2.2}{\376\377\217\324\126\336\145\160\143\156\176\323\147\204\133\232\116\111}{subsection.4.2}% 26
\BOOKMARK [3][-]{subsubsection.4.2.3}{\376\377\214\003\165\050\145\366\136\217\213\364\146\016}{subsection.4.2}% 27
\BOOKMARK [1][-]{section.5}{\376\377\145\160\143\156\176\323\147\204\213\346\176\306\213\276\213\241}{}% 28
\BOOKMARK [2][-]{subsection.5.1}{\376\377\121\150\134\100\145\160\143\156\176\323\147\204\213\364\146\016}{section.5}% 29
\BOOKMARK [2][-]{subsection.5.2}{\376\377\145\160\143\156\136\223\210\150\213\346\176\306\213\276\213\241}{section.5}% 30
\BOOKMARK [3][-]{subsubsection.5.2.1}{\376\377\165\050\142\067\116\073\210\150\000\040\000\050\000s\000y\000s\000\137\000u\000s\000e\000r\000\051}{subsection.5.2}% 31
\BOOKMARK [3][-]{subsubsection.5.2.2}{\376\377\133\146\226\142\127\372\170\100\117\341\140\157\210\150\000\040\000\050\000s\000y\000s\000\137\000c\000o\000l\000l\000e\000g\000e\000\051}{subsection.5.2}% 32
\BOOKMARK [2][-]{subsection.5.3}{\376\377\177\023\133\130\000/\116\064\145\366\145\160\143\156\176\323\147\204\213\276\213\241}{section.5}% 33
\BOOKMARK [1][-]{section.6}{\376\377\173\227\154\325\213\346\176\306\213\276\213\241}{}% 34
\BOOKMARK [2][-]{subsection.6.1}{\376\377\150\070\137\303\173\227\154\325\377\032\121\150\134\100\213\367\154\102\222\164\147\103\116\016\000\040\000R\000B\000A\000C\000\040\226\224\171\273\173\227\154\325}{section.6}% 35
\BOOKMARK [3][-]{subsubsection.6.1.1}{\376\377\173\227\154\325\143\317\217\360}{subsection.6.1}% 36
\BOOKMARK [3][-]{subsubsection.6.1.2}{\376\377\217\223\121\145\217\223\121\372\123\302\145\160}{subsection.6.1}% 37
\BOOKMARK [3][-]{subsubsection.6.1.3}{\376\377\116\343\170\001\133\236\163\260}{subsection.6.1}% 38
\BOOKMARK [3][-]{subsubsection.6.1.4}{\376\377\217\271\165\114\147\141\116\366\131\004\164\006}{subsection.6.1}% 39
\BOOKMARK [1][-]{section.7}{\376\377\165\114\227\142\213\346\176\306\213\276\213\241}{}% 40
\BOOKMARK [2][-]{subsection.7.1}{\376\377\230\165\227\142\217\223\121\145\150\041\232\214\211\304\122\031}{section.7}% 41
\BOOKMARK [1][-]{section.8}{\376\377\121\372\225\031\131\004\164\006\213\346\176\306\213\276\213\241}{}% 42
\BOOKMARK [2][-]{subsection.8.1}{\376\377\152\041\127\127\121\205\220\350\137\002\136\070\122\006\174\173}{section.8}% 43
\BOOKMARK [2][-]{subsection.8.2}{\376\377\137\002\136\070\143\125\203\267\155\101\172\013}{section.8}% 44
\BOOKMARK [2][-]{subsection.8.3}{\376\377\137\002\136\070\217\324\126\336\117\341\140\157\133\232\116\111}{section.8}% 45
\BOOKMARK [1][-]{section.9}{\376\377\133\211\121\150\213\346\176\306\213\276\213\241}{}% 46
\BOOKMARK [2][-]{subsection.9.1}{\376\377\216\253\116\375\150\041\232\214\220\073\217\221}{section.9}% 47
\BOOKMARK [2][-]{subsection.9.2}{\376\377\145\160\143\156\122\240\133\306\131\004\164\006\213\276\213\241}{section.9}% 48
\BOOKMARK [2][-]{subsection.9.3}{\376\377\226\062\145\073\121\373\131\004\164\006\220\073\217\221\377\010\226\062\154\064\136\163\215\212\147\103\377\011}{section.9}% 49
\BOOKMARK [1][-]{section.10}{\376\377\176\364\142\244\213\346\176\306\213\276\213\241}{}% 50
\BOOKMARK [2][-]{subsection.10.1}{\376\377\145\345\137\327\152\041\127\127\213\276\213\241}{section.10}% 51
\BOOKMARK [2][-]{subsection.10.2}{\376\377\221\115\177\156\230\171\213\276\213\241}{section.10}% 52
